Using pre-set license
Built from '2020.3/staging' branch; Version is '2020.3.17f1 (a4537701e4ab) revision 10769271'; Using compiler version '192528614'; Build Type 'Release'
OS: 'Windows 10 Pro; OS build 19043.1165; Version 2009; 64bit' Language: 'ru' Physical Memory: 16304 MB
BatchMode: 1, IsHumanControllingUs: 0, StartBugReporterOnCrash: 0, Is64bit: 1, IsPro: 0

COMMAND LINE ARGUMENTS:
C:\Program Files\Unity\Hub\Editor\2020.3.17f1\Editor\Unity.exe
-adb2
-batchMode
-noUpm
-name
AssetImportWorker0
-projectPath
D:/unity/Alpha
-logFile
Logs/AssetImportWorker0.log
-srvPort
58534
Successfully changed project path to: D:/unity/Alpha
D:/unity/Alpha
Using Asset Import Pipeline V2.
Refreshing native plugins compatible for Editor in 36.43 ms, found 3 plugins.
Preloading 0 native plugins for Editor in 0.00 ms.
Initialize engine version: 2020.3.17f1 (a4537701e4ab)
[Subsystems] Discovering subsystems at path C:/Program Files/Unity/Hub/Editor/2020.3.17f1/Editor/Data/Resources/UnitySubsystems
[Subsystems] Discovering subsystems at path D:/unity/Alpha/Assets
GfxDevice: creating device client; threaded=0
Direct3D:
    Version:  Direct3D 11.0 [level 11.1]
    Renderer: NVIDIA GeForce GTX 1650 (ID=0x2188)
    Vendor:   
    VRAM:     3962 MB
    Driver:   27.21.14.6089
Initialize mono
Mono path[0] = 'C:/Program Files/Unity/Hub/Editor/2020.3.17f1/Editor/Data/Managed'
Mono path[1] = 'C:/Program Files/Unity/Hub/Editor/2020.3.17f1/Editor/Data/MonoBleedingEdge/lib/mono/unityjit'
Mono config path = 'C:/Program Files/Unity/Hub/Editor/2020.3.17f1/Editor/Data/MonoBleedingEdge/etc'
Using monoOptions --debugger-agent=transport=dt_socket,embedding=1,server=y,suspend=n,address=127.0.0.1:56840
Begin MonoManager ReloadAssembly
Registering precompiled unity dll's ...
Register platform support module: C:/Program Files/Unity/Hub/Editor/2020.3.17f1/Editor/Data/PlaybackEngines/WindowsStandaloneSupport/UnityEditor.WindowsStandalone.Extensions.dll
Registered in 0.001350 seconds.
Native extension for WindowsStandalone target not found
Refreshing native plugins compatible for Editor in 35.32 ms, found 3 plugins.
Preloading 0 native plugins for Editor in 0.00 ms.
Mono: successfully reloaded assembly
- Completed reload, in  0.873 seconds
Domain Reload Profiling:
	ReloadAssembly (873ms)
		BeginReloadAssembly (42ms)
			ExecutionOrderSort (0ms)
			DisableScriptedObjects (0ms)
			BackupInstance (0ms)
			ReleaseScriptingObjects (0ms)
			CreateAndSetChildDomain (1ms)
		EndReloadAssembly (326ms)
			LoadAssemblies (40ms)
			RebuildTransferFunctionScriptingTraits (0ms)
			SetupTypeCache (114ms)
			ReleaseScriptCaches (0ms)
			RebuildScriptCaches (27ms)
			SetupLoadedEditorAssemblies (135ms)
				LogAssemblyErrors (0ms)
				InitializePlatformSupportModulesInManaged (3ms)
				SetLoadedEditorAssemblies (0ms)
				RefreshPlugins (35ms)
				BeforeProcessingInitializeOnLoad (10ms)
				ProcessInitializeOnLoadAttributes (64ms)
				ProcessInitializeOnLoadMethodAttributes (22ms)
				AfterProcessingInitializeOnLoad (0ms)
				EditorAssembliesLoaded (0ms)
			ExecutionOrderSort2 (0ms)
			AwakeInstancesAfterBackupRestoration (0ms)
Platform modules already initialized, skipping
Registering precompiled user dll's ...
Registered in 0.001833 seconds.
Begin MonoManager ReloadAssembly
Native extension for WindowsStandalone target not found
Refreshing native plugins compatible for Editor in 34.67 ms, found 3 plugins.
Preloading 0 native plugins for Editor in 0.00 ms.
Mono: successfully reloaded assembly
- Completed reload, in  0.953 seconds
Domain Reload Profiling:
	ReloadAssembly (953ms)
		BeginReloadAssembly (111ms)
			ExecutionOrderSort (0ms)
			DisableScriptedObjects (4ms)
			BackupInstance (0ms)
			ReleaseScriptingObjects (0ms)
			CreateAndSetChildDomain (14ms)
		EndReloadAssembly (796ms)
			LoadAssemblies (65ms)
			RebuildTransferFunctionScriptingTraits (0ms)
			SetupTypeCache (217ms)
			ReleaseScriptCaches (0ms)
			RebuildScriptCaches (44ms)
			SetupLoadedEditorAssemblies (373ms)
				LogAssemblyErrors (0ms)
				InitializePlatformSupportModulesInManaged (4ms)
				SetLoadedEditorAssemblies (0ms)
				RefreshPlugins (35ms)
				BeforeProcessingInitializeOnLoad (67ms)
				ProcessInitializeOnLoadAttributes (253ms)
				ProcessInitializeOnLoadMethodAttributes (10ms)
				AfterProcessingInitializeOnLoad (4ms)
				EditorAssembliesLoaded (0ms)
			ExecutionOrderSort2 (0ms)
			AwakeInstancesAfterBackupRestoration (5ms)
Platform modules already initialized, skipping
========================================================================
Worker process is ready to serve import requests
Launched and connected shader compiler UnityShaderCompiler.exe after 0.06 seconds
Refreshing native plugins compatible for Editor in 0.53 ms, found 3 plugins.
Preloading 0 native plugins for Editor in 0.00 ms.
Unloading 2193 Unused Serialized files (Serialized files now loaded: 0)
System memory in use before: 95.8 MB.
System memory in use after: 95.9 MB.

Unloading 41 unused Assets to reduce memory usage. Loaded Objects now: 2617.
Total: 2.494800 ms (FindLiveObjects: 0.181200 ms CreateObjectMapping: 0.079600 ms MarkObjects: 2.169600 ms  DeleteObjects: 0.063800 ms)

AssetImportParameters requested are different than current active one (requested -> active):
  custom:framework-win-MediaFoundation: 216162199b28c13a410421893ffa2e32 -> 
  custom:video-decoder-ogg-theora: a1e56fd34408186e4bbccfd4996cb3dc -> 
  custom:container-muxer-webm: aa71ff27fc2769a1b78a27578f13a17b -> 
  custom:container-demuxer-webm: 4f35f7cbe854078d1ac9338744f61a02 -> 
  custom:container-demuxer-ogg: 62fdf1f143b41e24485cea50d1cbac27 -> 
  custom:video-encoder-webm-vp8: eb34c28f22e8b96e1ab97ce403110664 -> 
  custom:video-decoder-webm-vp8: 9c59270c3fd7afecdb556c50c9e8de78 -> 
  custom:audio-decoder-ogg-vorbis: bf7c407c2cedff20999df2af8eb42d56 -> 
  custom:audio-encoder-webm-vorbis: bf7c407c2cedff20999df2af8eb42d56 -> 
========================================================================
Received Import Request.
  path: Assets/Animation
  artifactKey: Guid(44d37cdbd0ee6824295af3b24728af26) Importer(815301076,1909f56bfc062723c751e8b465ee728b)
Start importing Assets/Animation using Guid(44d37cdbd0ee6824295af3b24728af26) Importer(815301076,1909f56bfc062723c751e8b465ee728b)  -> (artifact id: '07aa288681a7a34c62fe974f0d61b38b') in 0.006583 seconds 
  Import took 0.019857 seconds .

========================================================================
Received Import Request.
  Time since last request: 19.715138 seconds.
  path: Assets/Animation/PlayerSprites
  artifactKey: Guid(675648d507db8ec46847d97c5aaf9f7a) Importer(815301076,1909f56bfc062723c751e8b465ee728b)
Start importing Assets/Animation/PlayerSprites using Guid(675648d507db8ec46847d97c5aaf9f7a) Importer(815301076,1909f56bfc062723c751e8b465ee728b)  -> (artifact id: 'bf61d174144a39d023aec5143db796fb') in 0.004725 seconds 
  Import took 0.008350 seconds .

========================================================================
Received Import Request.
  Time since last request: 19.361095 seconds.
  path: Assets/Animation/PlayerSprites/WalkWithAxe
  artifactKey: Guid(669a7fb098c773e4489d7909ec5d39fa) Importer(815301076,1909f56bfc062723c751e8b465ee728b)
Start importing Assets/Animation/PlayerSprites/WalkWithAxe using Guid(669a7fb098c773e4489d7909ec5d39fa) Importer(815301076,1909f56bfc062723c751e8b465ee728b)  -> (artifact id: '7b470f2916c9d9e37d7516c098dd1226') in 0.004857 seconds 
  Import took 0.008083 seconds .

========================================================================
Received Import Request.
  Time since last request: 21.903983 seconds.
  path: Assets/Animation/PlayerSprites/WalkWithAxe/01.png
  artifactKey: Guid(10251e410ecaa5049a40fa323fece245) Importer(815301076,1909f56bfc062723c751e8b465ee728b)
Start importing Assets/Animation/PlayerSprites/WalkWithAxe/01.png using Guid(10251e410ecaa5049a40fa323fece245) Importer(815301076,1909f56bfc062723c751e8b465ee728b)  -> (artifact id: 'a6ed9ebd9918db8e25b13442095884c7') in 0.090974 seconds 
  Import took 0.093779 seconds .

========================================================================
Received Import Request.
  Time since last request: 0.000190 seconds.
  path: Assets/Animation/PlayerSprites/WalkWithAxe/07.png
  artifactKey: Guid(5b1bdfe8cdc2b2a46aed5d8cca930f51) Importer(815301076,1909f56bfc062723c751e8b465ee728b)
Start importing Assets/Animation/PlayerSprites/WalkWithAxe/07.png using Guid(5b1bdfe8cdc2b2a46aed5d8cca930f51) Importer(815301076,1909f56bfc062723c751e8b465ee728b)  -> (artifact id: 'f08589c8406202f9f1a094281068e363') in 0.021406 seconds 
  Import took 0.034566 seconds .

========================================================================
Received Import Request.
  Time since last request: 0.000175 seconds.
  path: Assets/Animation/PlayerSprites/WalkWithAxe/02.png
  artifactKey: Guid(a8b8317c92a1484408e2a0c2f7f20045) Importer(815301076,1909f56bfc062723c751e8b465ee728b)
Start importing Assets/Animation/PlayerSprites/WalkWithAxe/02.png using Guid(a8b8317c92a1484408e2a0c2f7f20045) Importer(815301076,1909f56bfc062723c751e8b465ee728b)  -> (artifact id: '73a6c1bb8fdec06af762659ced1c0ad3') in 0.015725 seconds 
  Import took 0.018673 seconds .

========================================================================
Received Import Request.
  Time since last request: 0.000143 seconds.
  path: Assets/Animation/PlayerSprites/WalkWithAxe/06.png
  artifactKey: Guid(e7aa558cfb75aad46bf4895e85e2628c) Importer(815301076,1909f56bfc062723c751e8b465ee728b)
Start importing Assets/Animation/PlayerSprites/WalkWithAxe/06.png using Guid(e7aa558cfb75aad46bf4895e85e2628c) Importer(815301076,1909f56bfc062723c751e8b465ee728b)  -> (artifact id: '8a62b01a85d71516abd2e688aa33a89c') in 0.017793 seconds 
  Import took 0.021107 seconds .

========================================================================
Received Import Request.
  Time since last request: 0.000189 seconds.
  path: Assets/Animation/PlayerSprites/WalkWithAxe/04.png
  artifactKey: Guid(bd01585d9f806a44c98f9e13bd9b7c3c) Importer(815301076,1909f56bfc062723c751e8b465ee728b)
Start importing Assets/Animation/PlayerSprites/WalkWithAxe/04.png using Guid(bd01585d9f806a44c98f9e13bd9b7c3c) Importer(815301076,1909f56bfc062723c751e8b465ee728b)  -> (artifact id: '1006a97758b8a98c5d51debce3039d57') in 0.014872 seconds 
  Import took 0.017823 seconds .

========================================================================
Received Import Request.
  Time since last request: 0.000126 seconds.
  path: Assets/Animation/PlayerSprites/WalkWithAxe/09.png
  artifactKey: Guid(8fd4d0b38d2e24a41afdef91c4378d7f) Importer(815301076,1909f56bfc062723c751e8b465ee728b)
Start importing Assets/Animation/PlayerSprites/WalkWithAxe/09.png using Guid(8fd4d0b38d2e24a41afdef91c4378d7f) Importer(815301076,1909f56bfc062723c751e8b465ee728b)  -> (artifact id: '0522535b0a5dafdf864216beffbf41b9') in 0.018234 seconds 
  Import took 0.021121 seconds .

========================================================================
Received Import Request.
  Time since last request: 0.000131 seconds.
  path: Assets/Animation/PlayerSprites/WalkWithAxe/05.png
  artifactKey: Guid(dfa2ae7598386984d8ec7dadd2b39066) Importer(815301076,1909f56bfc062723c751e8b465ee728b)
Start importing Assets/Animation/PlayerSprites/WalkWithAxe/05.png using Guid(dfa2ae7598386984d8ec7dadd2b39066) Importer(815301076,1909f56bfc062723c751e8b465ee728b)  -> (artifact id: 'c7735880c0be5d516ce780f61644a6c4') in 0.018405 seconds 
  Import took 0.021500 seconds .

========================================================================
Received Import Request.
  Time since last request: 0.000157 seconds.
  path: Assets/Animation/PlayerSprites/WalkWithAxe/03.png
  artifactKey: Guid(f84f0875c1d91da4c9941c9fb1751ab8) Importer(815301076,1909f56bfc062723c751e8b465ee728b)
Start importing Assets/Animation/PlayerSprites/WalkWithAxe/03.png using Guid(f84f0875c1d91da4c9941c9fb1751ab8) Importer(815301076,1909f56bfc062723c751e8b465ee728b)  -> (artifact id: '7056c370e09a791697fdc5537a63e12b') in 0.015717 seconds 
  Import took 0.018931 seconds .

========================================================================
Received Import Request.
  Time since last request: 0.000183 seconds.
  path: Assets/Animation/PlayerSprites/WalkWithAxe/08.png
  artifactKey: Guid(5316e9abec9197541b5fecec40073ec1) Importer(815301076,1909f56bfc062723c751e8b465ee728b)
Start importing Assets/Animation/PlayerSprites/WalkWithAxe/08.png using Guid(5316e9abec9197541b5fecec40073ec1) Importer(815301076,1909f56bfc062723c751e8b465ee728b)  -> (artifact id: 'a8eb8b4a75f288de00f1bcbdd0f76d86') in 0.012303 seconds 
  Import took 0.015000 seconds .

========================================================================
Received Import Request.
  Time since last request: 28.250758 seconds.
  path: Assets/Animation/PlayerSprites/WalkWithAxe/09.png
  artifactKey: Guid(8fd4d0b38d2e24a41afdef91c4378d7f) Importer(815301076,1909f56bfc062723c751e8b465ee728b)
Start importing Assets/Animation/PlayerSprites/WalkWithAxe/09.png using Guid(8fd4d0b38d2e24a41afdef91c4378d7f) Importer(815301076,1909f56bfc062723c751e8b465ee728b)  -> (artifact id: 'a6e68d8baabf83363d752616bdfca659') in 0.017526 seconds 
  Import took 0.020429 seconds .

========================================================================
Received Import Request.
  Time since last request: 111.791757 seconds.
  path: Assets/Animation/PlayerSprites/WalkWithAxe/New Animation.anim
  artifactKey: Guid(97518c7bd296ce748b5f316a816d6bbf) Importer(815301076,1909f56bfc062723c751e8b465ee728b)
Start importing Assets/Animation/PlayerSprites/WalkWithAxe/New Animation.anim using Guid(97518c7bd296ce748b5f316a816d6bbf) Importer(815301076,1909f56bfc062723c751e8b465ee728b)  -> (artifact id: '0aeb5969f36ebab81db5d65f5bd75e75') in 0.007396 seconds 
  Import took 0.010652 seconds .

AssetImportWorkerClient::OnTransportError - code=2 error=End of file
